<?xml version="1.0" encoding="UTF-8" standalone="no" ?>
<information>
    <set id='7'>
       <x>7.24</x>
       <y>7.25</y>
       <z>7.26</z>
    </set>
    <set id='8'>
       <a>8.1</a>
       <h>8.8</h>
       <x>8.24</x>
       <y>8.25</y>
       <z>8.26</z>
    </set>
</information>
