<?xml version="1.0" encoding="UTF-8" standalone="no" ?>
<items>
  <item id='1'>
    <name>Name #1</name>
    <size>Small</size>
  </item>
  <item id='2'>
    <name>Name #2</name>
    <size>Medium</size>
  </item>
  <item id='3'>
    <name>Name #3</name>
    <size>Large</size>
  </item>
</items>
