<?xml version="1.0" encoding="UTF-8" standalone="no" ?>
<information>
    <target>
      <sub-level sel='1' />
      <sub-level sel='2' />
      <sub-level sel='3' />
      <sub-level sel='4' />
      <sub-level sel='5' />
      <sub-level sel='6' />
   </target>
</information>
