<?xml version="1.0" encoding="UTF-8" standalone="no" ?>
<information>
    <set id='5'>
       <x>5.24</x>
       <y>5.25</y>
       <z>5.26</z>
    </set>
    <set id='6'>
       <x>6.24</x>
       <y>6.25</y>
       <z>6.26</z>
    </set>
</information>
